c:\users\obedn\desktop\firststepsincoding\firststepsincoding\thetrheangle55stars\debug\thetrheangle55stars.pch
c:\users\obedn\desktop\firststepsincoding\firststepsincoding\thetrheangle55stars\debug\vc141.pdb
c:\users\obedn\desktop\firststepsincoding\firststepsincoding\thetrheangle55stars\debug\vc141.idb
c:\users\obedn\desktop\firststepsincoding\firststepsincoding\thetrheangle55stars\debug\stdafx.obj
c:\users\obedn\desktop\firststepsincoding\firststepsincoding\thetrheangle55stars\debug\thetrheangle55stars.pchast
c:\users\obedn\desktop\firststepsincoding\firststepsincoding\thetrheangle55stars\debug\stdafx.nativecodeanalysis.xml
c:\users\obedn\desktop\firststepsincoding\firststepsincoding\thetrheangle55stars\debug\thetrheangle55stars.nativecodeanalysis.xml
c:\users\obedn\desktop\firststepsincoding\firststepsincoding\thetrheangle55stars\debug\thetrheangle55stars.obj
c:\users\obedn\desktop\firststepsincoding\firststepsincoding\debug\thetrheangle55stars.exe
c:\users\obedn\desktop\firststepsincoding\firststepsincoding\debug\thetrheangle55stars.ilk
c:\users\obedn\desktop\firststepsincoding\firststepsincoding\debug\thetrheangle55stars.pdb
c:\users\obedn\desktop\firststepsincoding\firststepsincoding\thetrheangle55stars\debug\nativecodeanalysis.read.1.tlog
c:\users\obedn\desktop\firststepsincoding\firststepsincoding\thetrheangle55stars\debug\vc.nativecodeanalysis.all.xml
c:\users\obedn\desktop\firststepsincoding\firststepsincoding\debug\thetrheangle55stars.exe.lastcodeanalysissucceeded
c:\users\obedn\desktop\firststepsincoding\firststepsincoding\thetrheangle55stars\debug\thetrhea.0cad7934.tlog\cl.command.1.tlog
c:\users\obedn\desktop\firststepsincoding\firststepsincoding\thetrheangle55stars\debug\thetrhea.0cad7934.tlog\cl.read.1.tlog
c:\users\obedn\desktop\firststepsincoding\firststepsincoding\thetrheangle55stars\debug\thetrhea.0cad7934.tlog\cl.write.1.tlog
c:\users\obedn\desktop\firststepsincoding\firststepsincoding\thetrheangle55stars\debug\thetrhea.0cad7934.tlog\link.command.1.tlog
c:\users\obedn\desktop\firststepsincoding\firststepsincoding\thetrheangle55stars\debug\thetrhea.0cad7934.tlog\link.read.1.tlog
c:\users\obedn\desktop\firststepsincoding\firststepsincoding\thetrheangle55stars\debug\thetrhea.0cad7934.tlog\link.write.1.tlog
